2025-04-26 05:20:14.648 [main] INFO  Horse.class - Создание Horse, имя [Bucephalus], скорость [2,4]
2025-04-26 05:20:14.649 [main] INFO  Horse.class - Создание Horse, имя [Ace of Spades], скорость [2,5]
2025-04-26 05:20:14.649 [main] INFO  Horse.class - Создание Horse, имя [Zephyr], скорость [2,6]
2025-04-26 05:20:14.650 [main] INFO  Horse.class - Создание Horse, имя [Blaze], скорость [2,7]
2025-04-26 05:20:14.650 [main] INFO  Horse.class - Создание Horse, имя [Lobster], скорость [2,8]
2025-04-26 05:20:14.650 [main] INFO  Horse.class - Создание Horse, имя [Pegasus], скорость [2,9]
2025-04-26 05:20:14.651 [main] INFO  Horse.class - Создание Horse, имя [Cherry], скорость [3,0]
2025-04-26 05:35:08:807 [main] INFO  Horse.class - Создание Horse, имя [Bucephalus], скорость [2,4]
2025-04-26 05:35:08:808 [main] INFO  Horse.class - Создание Horse, имя [Ace of Spades], скорость [2,5]
2025-04-26 05:35:08:809 [main] INFO  Horse.class - Создание Horse, имя [Zephyr], скорость [2,6]
2025-04-26 05:35:08:809 [main] INFO  Horse.class - Создание Horse, имя [Blaze], скорость [2,7]
2025-04-26 05:35:08:809 [main] INFO  Horse.class - Создание Horse, имя [Lobster], скорость [2,8]
2025-04-26 05:35:08:809 [main] INFO  Horse.class - Создание Horse, имя [Pegasus], скорость [2,9]
2025-04-26 05:35:08:809 [main] INFO  Horse.class - Создание Horse, имя [Cherry], скорость [3,0]
2025-04-26 05:35:08:810 [main] INFO  Hippodrome - Создание Hippodrome, лошадей [7]
2025-04-26 05:35:08:811 [main] INFO  Main - Начало скачек. Количество участников:7
2025-04-26 05:35:48:092 [main] INFO  Horse.class - Создание Horse, имя [Bucephalus], скорость [2,4]
2025-04-26 05:35:48:094 [main] INFO  Horse.class - Создание Horse, имя [Ace of Spades], скорость [2,5]
2025-04-26 05:35:48:094 [main] INFO  Horse.class - Создание Horse, имя [Zephyr], скорость [2,6]
2025-04-26 05:35:48:094 [main] INFO  Horse.class - Создание Horse, имя [Blaze], скорость [2,7]
2025-04-26 05:35:48:094 [main] INFO  Horse.class - Создание Horse, имя [Lobster], скорость [2,8]
2025-04-26 05:35:48:094 [main] INFO  Horse.class - Создание Horse, имя [Pegasus], скорость [2,9]
2025-04-26 05:35:48:094 [main] INFO  Horse.class - Создание Horse, имя [Cherry], скорость [3,0]
2025-04-26 05:35:48:095 [main] INFO  Hippodrome - Создание Hippodrome, лошадей [7]
2025-04-26 05:35:48:095 [main] INFO  Main - Начало скачек. Количество участников:7
2025-04-26 05:36:08:539 [main] INFO  Main - Окончание скачек. Победитель:Cherry
